<?xml version="1.0" encoding="UTF-8"?>
<testsuites name="TS - Login" time="142.003" tests="6" failures="0" errors="0">
   <testsuite name="TS - Login" tests="6" failures="0" errors="0" time="142.003" skipped="0" timestamp="2024-07-25 07:42:09" hostname="rutheeaaa - LAPTOP-I306I5S3" id="Test Suites/Login/TS - Login">
      <properties>
         <property name="deviceName" value=""/>
         <property name="devicePlatform" value=""/>
         <property name="logFolder" value="C:\\Users\\lenovo\\git\\sauce-demo-katalon\\Reports\\20240725_074207\\Login\\TS - Login\\20240725_074207"/>
         <property name="logFiles" value="C:\\Users\\lenovo\\git\\sauce-demo-katalon\\Reports\\20240725_074207\\Login\\TS - Login\\20240725_074207\\execution0.log"/>
         <property name="attachments" value="C:\\Users\\lenovo\\git\\sauce-demo-katalon\\Reports\\20240725_074207\\Login\\TS - Login\\20240725_074207\\1721868137181.png, C:\\Users\\lenovo\\git\\sauce-demo-katalon\\Reports\\20240725_074207\\Login\\TS - Login\\20240725_074207\\1721868175434.png, C:\\Users\\lenovo\\git\\sauce-demo-katalon\\Reports\\20240725_074207\\Login\\TS - Login\\20240725_074207\\1721868212405.png, C:\\Users\\lenovo\\git\\sauce-demo-katalon\\Reports\\20240725_074207\\Login\\TS - Login\\20240725_074207\\1721868250601.png, C:\\Users\\lenovo\\git\\sauce-demo-katalon\\Reports\\20240725_074207\\Login\\TS - Login\\20240725_074207\\1721868258014.png, C:\\Users\\lenovo\\git\\sauce-demo-katalon\\Reports\\20240725_074207\\Login\\TS - Login\\20240725_074207\\1721868270760.png"/>
         <property name="hostName" value="rutheeaaa - LAPTOP-I306I5S3"/>
         <property name="os" value="Windows 11 64bit"/>
         <property name="katalonVersion" value="8.6.9.208"/>
         <property name="browser" value="Chrome 126.0.0.0"/>
         <property name="hostAddress" value="192.168.31.97"/>
         <property name="sessionId" value="37df190830b0059d16da1e21ecc591a9"/>
         <property name="seleniumVersion" value="3.141.59"/>
         <property name="proxyInformation" value="ProxyInformation { proxyOption=NO_PROXY, proxyServerType=HTTP, username=, password=********, proxyServerAddress=, proxyServerPort=0, executionList=&quot;&quot;, isApplyToDesiredCapabilities=true }"/>
         <property name="platform" value="Windows 11"/>
      </properties>
      <testcase name="Test Cases/Login/L01 - Login Success" time="8.692" classname="Test Cases/Login/L01 - Login Success" status="PASSED">
         <system-out><![CDATA[2024-07-25 07:42:09 - [TEST_CASE][PASSED] - Test Cases/Login/L01 - Login Success: Test Cases/Login/L01 - Login Success

2024-07-25 07:42:09 - [TEST_STEP][PASSED] - openBrowser(""): Browser is opened with url: ''

2024-07-25 07:42:10 - [MESSAGE][INFO] - Starting 'Chrome' driver

2024-07-25 07:42:10 - [MESSAGE][INFO] - Action delay is set to 0 milliseconds

2024-07-25 07:42:12 - [MESSAGE][PASSED] - Browser is opened with url: ''

2024-07-25 07:42:12 - [TEST_STEP][PASSED] - navigateToUrl("https://www.saucedemo.com/"): Navigate to 'https://www.saucedemo.com/' successfully

2024-07-25 07:42:12 - [MESSAGE][PASSED] - Navigate to 'https://www.saucedemo.com/' successfully

2024-07-25 07:42:12 - [TEST_STEP][PASSED] - maximizeWindow(): Current window maximized

2024-07-25 07:42:12 - [MESSAGE][PASSED] - Current window maximized

2024-07-25 07:42:12 - [TEST_STEP][PASSED] - setText(findTestObject("Object Repository/Login-Page/input_username"), username): Text 'standard_user' is set on object 'Object Repository/Login-Page/input_username'

2024-07-25 07:42:15 - [MESSAGE][PASSED] - Text 'standard_user' is set on object 'Object Repository/Login-Page/input_username'

2024-07-25 07:42:15 - [TEST_STEP][PASSED] - setText(findTestObject("Object Repository/Login-Page/input_password"), password): Text 'secret_sauce' is set on object 'Object Repository/Login-Page/input_password'

2024-07-25 07:42:16 - [MESSAGE][PASSED] - Text 'secret_sauce' is set on object 'Object Repository/Login-Page/input_password'

2024-07-25 07:42:16 - [TEST_STEP][PASSED] - click(findTestObject("Object Repository/Login-Page/login-button")): Object: 'Object Repository/Login-Page/login-button' is clicked on

2024-07-25 07:42:16 - [MESSAGE][PASSED] - Object: 'Object Repository/Login-Page/login-button' is clicked on

2024-07-25 07:42:16 - [TEST_STEP][PASSED] - verifyElementVisible(findTestObject("Login-Page/header_logo")): Object 'Object Repository/Login-Page/header_logo' is visible

2024-07-25 07:42:17 - [MESSAGE][PASSED] - Object 'Object Repository/Login-Page/header_logo' is visible

2024-07-25 07:42:17 - [TEST_STEP][PASSED] - takeFullPageScreenshot(): Taking screenshot successfully

2024-07-25 07:42:17 - [MESSAGE][INFO] - 0 hidden object(s)

2024-07-25 07:42:18 - [MESSAGE][PASSED] - Taking screenshot successfully
[[ATTACHMENT|C:\\Users\\lenovo\\git\\sauce-demo-katalon\\Reports\\20240725_074207\\Login\\TS - Login\\20240725_074207\\1721868137181.png]]]]></system-out>
         <system-err><![CDATA[]]></system-err>
      </testcase>
      <testcase name="Test Cases/Login/L02 - Login - Locked Out" time="37.792" classname="Test Cases/Login/L02 - Login - Locked Out" status="PASSED">
         <system-out><![CDATA[2024-07-25 07:42:18 - [TEST_CASE][PASSED] - Test Cases/Login/L02 - Login - Locked Out: Test Cases/Login/L02 - Login - Locked Out

2024-07-25 07:42:18 - [TEST_STEP][PASSED] - openBrowser(""): Browser is opened with url: ''

2024-07-25 07:42:18 - [MESSAGE][WARNING] - A browser is already opened. Closing browser and opening a new one

2024-07-25 07:42:19 - [MESSAGE][INFO] - Starting 'Chrome' driver

2024-07-25 07:42:19 - [MESSAGE][INFO] - Action delay is set to 0 milliseconds

2024-07-25 07:42:20 - [MESSAGE][PASSED] - Browser is opened with url: ''

2024-07-25 07:42:20 - [TEST_STEP][PASSED] - navigateToUrl("https://www.saucedemo.com/"): Navigate to 'https://www.saucedemo.com/' successfully

2024-07-25 07:42:20 - [MESSAGE][PASSED] - Navigate to 'https://www.saucedemo.com/' successfully

2024-07-25 07:42:20 - [TEST_STEP][PASSED] - maximizeWindow(): Current window maximized

2024-07-25 07:42:20 - [MESSAGE][PASSED] - Current window maximized

2024-07-25 07:42:20 - [TEST_STEP][PASSED] - setText(findTestObject("Object Repository/Login-Page/input_username"), username): Text 'locked_out_user' is set on object 'Object Repository/Login-Page/input_username'

2024-07-25 07:42:23 - [MESSAGE][PASSED] - Text 'locked_out_user' is set on object 'Object Repository/Login-Page/input_username'

2024-07-25 07:42:23 - [TEST_STEP][PASSED] - setText(findTestObject("Object Repository/Login-Page/input_password"), password): Text 'secret_sauce' is set on object 'Object Repository/Login-Page/input_password'

2024-07-25 07:42:24 - [MESSAGE][PASSED] - Text 'secret_sauce' is set on object 'Object Repository/Login-Page/input_password'

2024-07-25 07:42:24 - [TEST_STEP][PASSED] - click(findTestObject("Object Repository/Login-Page/login-button")): Object: 'Object Repository/Login-Page/login-button' is clicked on

2024-07-25 07:42:25 - [MESSAGE][PASSED] - Object: 'Object Repository/Login-Page/login-button' is clicked on

2024-07-25 07:42:25 - [TEST_STEP][PASSED] - verifyElementVisible(findTestObject("Login-Page/error-message_ this user has been locked out")): Object 'Object Repository/Login-Page/error-message_ this user has been locked out' is visible

2024-07-25 07:42:55 - [MESSAGE][PASSED] - Object 'Object Repository/Login-Page/error-message_ this user has been locked out' is visible

2024-07-25 07:42:55 - [TEST_STEP][PASSED] - takeFullPageScreenshot(): Taking screenshot successfully

2024-07-25 07:42:55 - [MESSAGE][INFO] - 0 hidden object(s)

2024-07-25 07:42:56 - [MESSAGE][PASSED] - Taking screenshot successfully
[[ATTACHMENT|C:\\Users\\lenovo\\git\\sauce-demo-katalon\\Reports\\20240725_074207\\Login\\TS - Login\\20240725_074207\\1721868175434.png]]]]></system-out>
         <system-err><![CDATA[]]></system-err>
      </testcase>
      <testcase name="Test Cases/Login/L03 - Login Failed - Invalid username" time="37.064" classname="Test Cases/Login/L03 - Login Failed - Invalid username" status="PASSED">
         <system-out><![CDATA[2024-07-25 07:42:56 - [TEST_CASE][PASSED] - Test Cases/Login/L03 - Login Failed - Invalid username: Test Cases/Login/L03 - Login Failed - Invalid username

2024-07-25 07:42:56 - [TEST_STEP][PASSED] - openBrowser(""): Browser is opened with url: ''

2024-07-25 07:42:56 - [MESSAGE][WARNING] - A browser is already opened. Closing browser and opening a new one

2024-07-25 07:42:56 - [MESSAGE][INFO] - Starting 'Chrome' driver

2024-07-25 07:42:56 - [MESSAGE][INFO] - Action delay is set to 0 milliseconds

2024-07-25 07:42:58 - [MESSAGE][PASSED] - Browser is opened with url: ''

2024-07-25 07:42:58 - [TEST_STEP][PASSED] - navigateToUrl("https://www.saucedemo.com/"): Navigate to 'https://www.saucedemo.com/' successfully

2024-07-25 07:42:58 - [MESSAGE][PASSED] - Navigate to 'https://www.saucedemo.com/' successfully

2024-07-25 07:42:58 - [TEST_STEP][PASSED] - maximizeWindow(): Current window maximized

2024-07-25 07:42:58 - [MESSAGE][PASSED] - Current window maximized

2024-07-25 07:42:58 - [TEST_STEP][PASSED] - setText(findTestObject("Object Repository/Login-Page/input_username"), username): Text 'invalid_username' is set on object 'Object Repository/Login-Page/input_username'

2024-07-25 07:43:01 - [MESSAGE][PASSED] - Text 'invalid_username' is set on object 'Object Repository/Login-Page/input_username'

2024-07-25 07:43:01 - [TEST_STEP][PASSED] - setText(findTestObject("Object Repository/Login-Page/input_password"), password): Text 'secret_sauce' is set on object 'Object Repository/Login-Page/input_password'

2024-07-25 07:43:01 - [MESSAGE][PASSED] - Text 'secret_sauce' is set on object 'Object Repository/Login-Page/input_password'

2024-07-25 07:43:01 - [TEST_STEP][PASSED] - click(findTestObject("Object Repository/Login-Page/login-button")): Object: 'Object Repository/Login-Page/login-button' is clicked on

2024-07-25 07:43:02 - [MESSAGE][PASSED] - Object: 'Object Repository/Login-Page/login-button' is clicked on

2024-07-25 07:43:02 - [TEST_STEP][PASSED] - verifyElementVisible(findTestObject("Login-Page/error-message_Username and password do not match any user in this service")): Object 'Object Repository/Login-Page/error-message_Username and password do not match any user in this service' is visible

2024-07-25 07:43:32 - [MESSAGE][PASSED] - Object 'Object Repository/Login-Page/error-message_Username and password do not match any user in this service' is visible

2024-07-25 07:43:32 - [TEST_STEP][PASSED] - takeFullPageScreenshot(): Taking screenshot successfully

2024-07-25 07:43:32 - [MESSAGE][INFO] - 0 hidden object(s)

2024-07-25 07:43:33 - [MESSAGE][PASSED] - Taking screenshot successfully
[[ATTACHMENT|C:\\Users\\lenovo\\git\\sauce-demo-katalon\\Reports\\20240725_074207\\Login\\TS - Login\\20240725_074207\\1721868212405.png]]]]></system-out>
         <system-err><![CDATA[]]></system-err>
      </testcase>
      <testcase name="Test Cases/Login/L04 - Login Failed - Invalid password" time="38.181" classname="Test Cases/Login/L04 - Login Failed - Invalid password" status="PASSED">
         <system-out><![CDATA[2024-07-25 07:43:33 - [TEST_CASE][PASSED] - Test Cases/Login/L04 - Login Failed - Invalid password: Test Cases/Login/L04 - Login Failed - Invalid password

2024-07-25 07:43:33 - [TEST_STEP][PASSED] - openBrowser(""): Browser is opened with url: ''

2024-07-25 07:43:33 - [MESSAGE][WARNING] - A browser is already opened. Closing browser and opening a new one

2024-07-25 07:43:34 - [MESSAGE][INFO] - Starting 'Chrome' driver

2024-07-25 07:43:34 - [MESSAGE][INFO] - Action delay is set to 0 milliseconds

2024-07-25 07:43:35 - [MESSAGE][PASSED] - Browser is opened with url: ''

2024-07-25 07:43:35 - [TEST_STEP][PASSED] - navigateToUrl("https://www.saucedemo.com/"): Navigate to 'https://www.saucedemo.com/' successfully

2024-07-25 07:43:36 - [MESSAGE][PASSED] - Navigate to 'https://www.saucedemo.com/' successfully

2024-07-25 07:43:36 - [TEST_STEP][PASSED] - maximizeWindow(): Current window maximized

2024-07-25 07:43:36 - [MESSAGE][PASSED] - Current window maximized

2024-07-25 07:43:36 - [TEST_STEP][PASSED] - setText(findTestObject("Object Repository/Login-Page/input_username"), username): Text 'standard_user' is set on object 'Object Repository/Login-Page/input_username'

2024-07-25 07:43:39 - [MESSAGE][PASSED] - Text 'standard_user' is set on object 'Object Repository/Login-Page/input_username'

2024-07-25 07:43:39 - [TEST_STEP][PASSED] - setText(findTestObject("Object Repository/Login-Page/input_password"), password): Text 'wrong_password' is set on object 'Object Repository/Login-Page/input_password'

2024-07-25 07:43:40 - [MESSAGE][PASSED] - Text 'wrong_password' is set on object 'Object Repository/Login-Page/input_password'

2024-07-25 07:43:40 - [TEST_STEP][PASSED] - click(findTestObject("Object Repository/Login-Page/login-button")): Object: 'Object Repository/Login-Page/login-button' is clicked on

2024-07-25 07:43:40 - [MESSAGE][PASSED] - Object: 'Object Repository/Login-Page/login-button' is clicked on

2024-07-25 07:43:40 - [TEST_STEP][PASSED] - verifyElementVisible(findTestObject("Login-Page/error-message_Username and password do not match any user in this service")): Object 'Object Repository/Login-Page/error-message_Username and password do not match any user in this service' is visible

2024-07-25 07:44:10 - [MESSAGE][PASSED] - Object 'Object Repository/Login-Page/error-message_Username and password do not match any user in this service' is visible

2024-07-25 07:44:10 - [TEST_STEP][PASSED] - takeFullPageScreenshot(): Taking screenshot successfully

2024-07-25 07:44:11 - [MESSAGE][INFO] - 0 hidden object(s)

2024-07-25 07:44:11 - [MESSAGE][PASSED] - Taking screenshot successfully
[[ATTACHMENT|C:\\Users\\lenovo\\git\\sauce-demo-katalon\\Reports\\20240725_074207\\Login\\TS - Login\\20240725_074207\\1721868250601.png]]]]></system-out>
         <system-err><![CDATA[]]></system-err>
      </testcase>
      <testcase name="Test Cases/Login/L05 - Login Failed - Username Null" time="7.189" classname="Test Cases/Login/L05 - Login Failed - Username Null" status="PASSED">
         <system-out><![CDATA[2024-07-25 07:44:11 - [TEST_CASE][PASSED] - Test Cases/Login/L05 - Login Failed - Username Null: Test Cases/Login/L05 - Login Failed - Username Null

2024-07-25 07:44:11 - [TEST_STEP][PASSED] - openBrowser(""): Browser is opened with url: ''

2024-07-25 07:44:11 - [MESSAGE][WARNING] - A browser is already opened. Closing browser and opening a new one

2024-07-25 07:44:12 - [MESSAGE][INFO] - Starting 'Chrome' driver

2024-07-25 07:44:12 - [MESSAGE][INFO] - Action delay is set to 0 milliseconds

2024-07-25 07:44:13 - [MESSAGE][PASSED] - Browser is opened with url: ''

2024-07-25 07:44:13 - [TEST_STEP][PASSED] - navigateToUrl("https://www.saucedemo.com/"): Navigate to 'https://www.saucedemo.com/' successfully

2024-07-25 07:44:14 - [MESSAGE][PASSED] - Navigate to 'https://www.saucedemo.com/' successfully

2024-07-25 07:44:14 - [TEST_STEP][PASSED] - maximizeWindow(): Current window maximized

2024-07-25 07:44:14 - [MESSAGE][PASSED] - Current window maximized

2024-07-25 07:44:14 - [TEST_STEP][PASSED] - setText(findTestObject("Login-Page/input_password"), password): Text 'secret_sauce' is set on object 'Object Repository/Login-Page/input_password'

2024-07-25 07:44:17 - [MESSAGE][PASSED] - Text 'secret_sauce' is set on object 'Object Repository/Login-Page/input_password'

2024-07-25 07:44:17 - [TEST_STEP][PASSED] - click(findTestObject("Object Repository/Login-Page/login-button")): Object: 'Object Repository/Login-Page/login-button' is clicked on

2024-07-25 07:44:17 - [MESSAGE][PASSED] - Object: 'Object Repository/Login-Page/login-button' is clicked on

2024-07-25 07:44:17 - [TEST_STEP][PASSED] - verifyElementVisible(findTestObject("Login-Page/error-message_Epic sadface Username is required")): Object 'Object Repository/Login-Page/error-message_Epic sadface Username is required' is visible

2024-07-25 07:44:18 - [MESSAGE][PASSED] - Object 'Object Repository/Login-Page/error-message_Epic sadface Username is required' is visible

2024-07-25 07:44:18 - [TEST_STEP][PASSED] - takeFullPageScreenshot(): Taking screenshot successfully

2024-07-25 07:44:18 - [MESSAGE][INFO] - 0 hidden object(s)

2024-07-25 07:44:18 - [MESSAGE][PASSED] - Taking screenshot successfully
[[ATTACHMENT|C:\\Users\\lenovo\\git\\sauce-demo-katalon\\Reports\\20240725_074207\\Login\\TS - Login\\20240725_074207\\1721868258014.png]]]]></system-out>
         <system-err><![CDATA[]]></system-err>
      </testcase>
      <testcase name="Test Cases/Login/L06 - Login Failed - Password Null" time="12.798" classname="Test Cases/Login/L06 - Login Failed - Password Null" status="PASSED">
         <system-out><![CDATA[2024-07-25 07:44:18 - [TEST_CASE][PASSED] - Test Cases/Login/L06 - Login Failed - Password Null: Test Cases/Login/L06 - Login Failed - Password Null

2024-07-25 07:44:18 - [TEST_STEP][PASSED] - openBrowser(""): Browser is opened with url: ''

2024-07-25 07:44:18 - [MESSAGE][WARNING] - A browser is already opened. Closing browser and opening a new one

2024-07-25 07:44:19 - [MESSAGE][INFO] - Starting 'Chrome' driver

2024-07-25 07:44:19 - [MESSAGE][INFO] - Action delay is set to 0 milliseconds

2024-07-25 07:44:20 - [MESSAGE][PASSED] - Browser is opened with url: ''

2024-07-25 07:44:20 - [TEST_STEP][PASSED] - navigateToUrl("https://www.saucedemo.com/"): Navigate to 'https://www.saucedemo.com/' successfully

2024-07-25 07:44:27 - [MESSAGE][PASSED] - Navigate to 'https://www.saucedemo.com/' successfully

2024-07-25 07:44:27 - [TEST_STEP][PASSED] - maximizeWindow(): Current window maximized

2024-07-25 07:44:27 - [MESSAGE][PASSED] - Current window maximized

2024-07-25 07:44:27 - [TEST_STEP][PASSED] - setText(findTestObject("Login-Page/input_username"), username): Text 'standard_user' is set on object 'Object Repository/Login-Page/input_username'

2024-07-25 07:44:29 - [MESSAGE][PASSED] - Text 'standard_user' is set on object 'Object Repository/Login-Page/input_username'

2024-07-25 07:44:29 - [TEST_STEP][PASSED] - click(findTestObject("Object Repository/Login-Page/login-button")): Object: 'Object Repository/Login-Page/login-button' is clicked on

2024-07-25 07:44:30 - [MESSAGE][PASSED] - Object: 'Object Repository/Login-Page/login-button' is clicked on

2024-07-25 07:44:30 - [TEST_STEP][PASSED] - verifyElementVisible(findTestObject("Login-Page/error-message_Epic sadface Password is required")): Object 'Object Repository/Login-Page/error-message_Epic sadface Password is required' is visible

2024-07-25 07:44:30 - [MESSAGE][PASSED] - Object 'Object Repository/Login-Page/error-message_Epic sadface Password is required' is visible

2024-07-25 07:44:30 - [TEST_STEP][PASSED] - takeFullPageScreenshot(): Taking screenshot successfully

2024-07-25 07:44:31 - [MESSAGE][INFO] - 0 hidden object(s)

2024-07-25 07:44:31 - [MESSAGE][PASSED] - Taking screenshot successfully
[[ATTACHMENT|C:\\Users\\lenovo\\git\\sauce-demo-katalon\\Reports\\20240725_074207\\Login\\TS - Login\\20240725_074207\\1721868270760.png]]]]></system-out>
         <system-err><![CDATA[]]></system-err>
      </testcase>
      <system-out><![CDATA[2024-07-25 07:42:09 - [TEST_SUITE][PASSED] - TS - Login: Test Cases/Login/L06 - Login Failed - Password Null]]></system-out>
      <system-err><![CDATA[]]></system-err>
   </testsuite>
</testsuites>
